Build started 10/16/2022 10:23:17 PM.
     1>Project "F:\FIC\Cmpt130\Programs\Week 6\printIncreasingOrder\printIncreasingOrder\printIncreasingOrder.vcxproj" on node 2 (build target(s)).
     1>PrepareForBuild:
         Creating directory "F:\FIC\Cmpt130\Programs\Week 6\printIncreasingOrder\Debug\".
       InitializeBuildStatus:
         Creating "Debug\printIncreasingOrder.unsuccessfulbuild" because "AlwaysCreate" was specified.
       ClCompile:
         C:\Program Files (x86)\Microsoft Visual Studio 10.0\VC\bin\CL.exe /c /ZI /nologo /W3 /WX- /Od /Oy- /D _MBCS /Gm /EHsc /RTC1 /MDd /GS /fp:precise /Zc:wchar_t /Zc:forScope /Fo"Debug\\" /Fd"Debug\vc100.pdb" /Gd /TP /analyze- /errorReport:prompt printIncreasingOrder.cpp
         printIncreasingOrder.cpp
       Link:
         C:\Program Files (x86)\Microsoft Visual Studio 10.0\VC\bin\link.exe /ERRORREPORT:PROMPT /OUT:"F:\FIC\Cmpt130\Programs\Week 6\printIncreasingOrder\Debug\printIncreasingOrder.exe" /NOLOGO kernel32.lib user32.lib gdi32.lib winspool.lib comdlg32.lib advapi32.lib shell32.lib ole32.lib oleaut32.lib uuid.lib odbc32.lib odbccp32.lib /MANIFEST /ManifestFile:"Debug\printIncreasingOrder.exe.intermediate.manifest" /MANIFESTUAC:"level='asInvoker' uiAccess='false'" /DEBUG /PDB:"F:\FIC\Cmpt130\Programs\Week 6\printIncreasingOrder\Debug\printIncreasingOrder.pdb" /TLBID:1 /DYNAMICBASE /NXCOMPAT /IMPLIB:"F:\FIC\Cmpt130\Programs\Week 6\printIncreasingOrder\Debug\printIncreasingOrder.lib" /MACHINE:X86 Debug\printIncreasingOrder.obj
         printIncreasingOrder.vcxproj -> F:\FIC\Cmpt130\Programs\Week 6\printIncreasingOrder\Debug\printIncreasingOrder.exe
       Manifest:
         C:\Program Files (x86)\Microsoft SDKs\Windows\v7.0A\bin\mt.exe /nologo /verbose /outputresource:"F:\FIC\Cmpt130\Programs\Week 6\printIncreasingOrder\Debug\printIncreasingOrder.exe;#1" /manifest Debug\printIncreasingOrder.exe.intermediate.manifest
       FinalizeBuildStatus:
         Deleting file "Debug\printIncreasingOrder.unsuccessfulbuild".
         Touching "Debug\printIncreasingOrder.lastbuildstate".
     1>Done Building Project "F:\FIC\Cmpt130\Programs\Week 6\printIncreasingOrder\printIncreasingOrder\printIncreasingOrder.vcxproj" (build target(s)).

Build succeeded.

Time Elapsed 00:00:01.33
