Build started 10/27/2022 12:25:46 PM.
     1>Project "F:\FIC\Cmpt130\Programs\Week 7\rotating the array\rotating the array\rotating the array.vcxproj" on node 2 (build target(s)).
     1>InitializeBuildStatus:
         Creating "Debug\rotating the array.unsuccessfulbuild" because "AlwaysCreate" was specified.
       ClCompile:
         C:\Program Files (x86)\Microsoft Visual Studio 10.0\VC\bin\CL.exe /c /ZI /nologo /W3 /WX- /Od /Oy- /D _MBCS /Gm /EHsc /RTC1 /MDd /GS /fp:precise /Zc:wchar_t /Zc:forScope /Fo"Debug\\" /Fd"Debug\vc100.pdb" /Gd /TP /analyze- /errorReport:prompt "rotating the array.cpp"
         rotating the array.cpp
     1>f:\fic\cmpt130\programs\week 7\rotating the array\rotating the array\rotating the array.cpp(5): warning C4244: 'initializing' : conversion from 'float' to 'int', possible loss of data
     1>f:\fic\cmpt130\programs\week 7\rotating the array\rotating the array\rotating the array.cpp(10): warning C4244: '=' : conversion from 'int' to 'float', possible loss of data
       Link:
         C:\Program Files (x86)\Microsoft Visual Studio 10.0\VC\bin\link.exe /ERRORREPORT:PROMPT /OUT:"F:\FIC\Cmpt130\Programs\Week 7\rotating the array\Debug\rotating the array.exe" /NOLOGO kernel32.lib user32.lib gdi32.lib winspool.lib comdlg32.lib advapi32.lib shell32.lib ole32.lib oleaut32.lib uuid.lib odbc32.lib odbccp32.lib /MANIFEST /ManifestFile:"Debug\rotating the array.exe.intermediate.manifest" /MANIFESTUAC:"level='asInvoker' uiAccess='false'" /DEBUG /PDB:"F:\FIC\Cmpt130\Programs\Week 7\rotating the array\Debug\rotating the array.pdb" /TLBID:1 /DYNAMICBASE /NXCOMPAT /IMPLIB:"F:\FIC\Cmpt130\Programs\Week 7\rotating the array\Debug\rotating the array.lib" /MACHINE:X86 "Debug\rotating the array.obj"
         LINK : F:\FIC\Cmpt130\Programs\Week 7\rotating the array\Debug\rotating the array.exe not found or not built by the last incremental link; performing full link
         rotating the array.vcxproj -> F:\FIC\Cmpt130\Programs\Week 7\rotating the array\Debug\rotating the array.exe
       Manifest:
         C:\Program Files (x86)\Microsoft SDKs\Windows\v7.0A\bin\mt.exe /nologo /verbose /outputresource:"F:\FIC\Cmpt130\Programs\Week 7\rotating the array\Debug\rotating the array.exe;#1" /manifest "Debug\rotating the array.exe.intermediate.manifest"
       FinalizeBuildStatus:
         Deleting file "Debug\rotating the array.unsuccessfulbuild".
         Touching "Debug\rotating the array.lastbuildstate".
     1>Done Building Project "F:\FIC\Cmpt130\Programs\Week 7\rotating the array\rotating the array\rotating the array.vcxproj" (build target(s)).

Build succeeded.

Time Elapsed 00:00:00.78
