Build started 10/20/2022 11:22:43 AM.
     1>Project "F:\FIC\Cmpt130\Programs\Week 7\In class\In class\In class.vcxproj" on node 2 (build target(s)).
     1>InitializeBuildStatus:
         Creating "Debug\In class.unsuccessfulbuild" because "AlwaysCreate" was specified.
       ClCompile:
         C:\Program Files (x86)\Microsoft Visual Studio 10.0\VC\bin\CL.exe /c /ZI /nologo /W3 /WX- /Od /Oy- /D _MBCS /Gm /EHsc /RTC1 /MDd /GS /fp:precise /Zc:wchar_t /Zc:forScope /Fo"Debug\\" /Fd"Debug\vc100.pdb" /Gd /TP /analyze- /errorReport:prompt "In class.cpp"
         In class.cpp
     1>f:\fic\cmpt130\programs\week 7\in class\in class\in class.cpp(89): warning C4789: destination of memory copy is too small
       Link:
         C:\Program Files (x86)\Microsoft Visual Studio 10.0\VC\bin\link.exe /ERRORREPORT:PROMPT /OUT:"F:\FIC\Cmpt130\Programs\Week 7\In class\Debug\In class.exe" /NOLOGO kernel32.lib user32.lib gdi32.lib winspool.lib comdlg32.lib advapi32.lib shell32.lib ole32.lib oleaut32.lib uuid.lib odbc32.lib odbccp32.lib /MANIFEST /ManifestFile:"Debug\In class.exe.intermediate.manifest" /MANIFESTUAC:"level='asInvoker' uiAccess='false'" /DEBUG /PDB:"F:\FIC\Cmpt130\Programs\Week 7\In class\Debug\In class.pdb" /TLBID:1 /DYNAMICBASE /NXCOMPAT /IMPLIB:"F:\FIC\Cmpt130\Programs\Week 7\In class\Debug\In class.lib" /MACHINE:X86 "Debug\In class.obj"
         LINK : F:\FIC\Cmpt130\Programs\Week 7\In class\Debug\In class.exe not found or not built by the last incremental link; performing full link
         In class.vcxproj -> F:\FIC\Cmpt130\Programs\Week 7\In class\Debug\In class.exe
       Manifest:
         C:\Program Files (x86)\Microsoft SDKs\Windows\v7.0A\bin\mt.exe /nologo /verbose /outputresource:"F:\FIC\Cmpt130\Programs\Week 7\In class\Debug\In class.exe;#1" /manifest "Debug\In class.exe.intermediate.manifest"
       FinalizeBuildStatus:
         Deleting file "Debug\In class.unsuccessfulbuild".
         Touching "Debug\In class.lastbuildstate".
     1>Done Building Project "F:\FIC\Cmpt130\Programs\Week 7\In class\In class\In class.vcxproj" (build target(s)).

Build succeeded.

Time Elapsed 00:00:00.75
