Build started 9/30/2022 6:29:14 PM.
     1>Project "F:\FIC\Cmpt130\Programs\Week 4\sum, avg, of +ve and -ve\sum, avg, of +ve and -ve\sum, avg, of +ve and -ve.vcxproj" on node 2 (build target(s)).
     1>InitializeBuildStatus:
         Creating "Debug\sum, avg, of +ve and -ve.unsuccessfulbuild" because "AlwaysCreate" was specified.
       ClCompile:
         F:\c++\Microsoft Visual C++ 2010\VC\bin\CL.exe /c /ZI /nologo /W3 /WX- /Od /Oy- /D _MBCS /Gm /EHsc /RTC1 /MDd /GS /fp:precise /Zc:wchar_t /Zc:forScope /Fo"Debug\\" /Fd"Debug\vc100.pdb" /Gd /TP /analyze- /errorReport:prompt "sum, avg of +ve and -ve.cpp"
         sum, avg of +ve and -ve.cpp
     1>f:\fic\cmpt130\programs\week 4\sum, avg, of +ve and -ve\sum, avg, of +ve and -ve\sum, avg of +ve and -ve.cpp(89): warning C4244: '=' : conversion from 'double' to 'float', possible loss of data
     1>f:\fic\cmpt130\programs\week 4\sum, avg, of +ve and -ve\sum, avg, of +ve and -ve\sum, avg of +ve and -ve.cpp(90): warning C4244: '=' : conversion from 'double' to 'float', possible loss of data
     1>f:\fic\cmpt130\programs\week 4\sum, avg, of +ve and -ve\sum, avg, of +ve and -ve\sum, avg of +ve and -ve.cpp(92): warning C4244: '=' : conversion from 'double' to 'float', possible loss of data
       Link:
         F:\c++\Microsoft Visual C++ 2010\VC\bin\link.exe /ERRORREPORT:PROMPT /OUT:"F:\FIC\Cmpt130\Programs\Week 4\sum, avg, of +ve and -ve\Debug\sum, avg, of +ve and -ve.exe" /NOLOGO kernel32.lib user32.lib gdi32.lib winspool.lib comdlg32.lib advapi32.lib shell32.lib ole32.lib oleaut32.lib uuid.lib odbc32.lib odbccp32.lib /MANIFEST /ManifestFile:"Debug\sum, avg, of +ve and -ve.exe.intermediate.manifest" /MANIFESTUAC:"level='asInvoker' uiAccess='false'" /DEBUG /PDB:"F:\FIC\Cmpt130\Programs\Week 4\sum, avg, of +ve and -ve\Debug\sum, avg, of +ve and -ve.pdb" /TLBID:1 /DYNAMICBASE /NXCOMPAT /IMPLIB:"F:\FIC\Cmpt130\Programs\Week 4\sum, avg, of +ve and -ve\Debug\sum, avg, of +ve and -ve.lib" /MACHINE:X86 "Debug\sum, avg of +ve and -ve.obj"
         LINK : F:\FIC\Cmpt130\Programs\Week 4\sum, avg, of +ve and -ve\Debug\sum, avg, of +ve and -ve.exe not found or not built by the last incremental link; performing full link
         sum, avg, of +ve and -ve.vcxproj -> F:\FIC\Cmpt130\Programs\Week 4\sum, avg, of +ve and -ve\Debug\sum, avg, of +ve and -ve.exe
       Manifest:
         C:\Program Files (x86)\Microsoft SDKs\Windows\v7.0A\bin\mt.exe /nologo /verbose /outputresource:"F:\FIC\Cmpt130\Programs\Week 4\sum, avg, of +ve and -ve\Debug\sum, avg, of +ve and -ve.exe;#1" /manifest "Debug\sum, avg, of +ve and -ve.exe.intermediate.manifest"
       FinalizeBuildStatus:
         Deleting file "Debug\sum, avg, of +ve and -ve.unsuccessfulbuild".
         Touching "Debug\sum, avg, of +ve and -ve.lastbuildstate".
     1>Done Building Project "F:\FIC\Cmpt130\Programs\Week 4\sum, avg, of +ve and -ve\sum, avg, of +ve and -ve\sum, avg, of +ve and -ve.vcxproj" (build target(s)).

Build succeeded.

Time Elapsed 00:00:00.71
