Build started 9/29/2022 9:23:06 AM.
     1>Project "F:\FIC\Cmpt130\Programs\while loop first program\while loop first program\while loop first program.vcxproj" on node 2 (build target(s)).
     1>PrepareForBuild:
         Creating directory "F:\FIC\Cmpt130\Programs\while loop first program\Debug\".
       InitializeBuildStatus:
         Creating "Debug\while loop first program.unsuccessfulbuild" because "AlwaysCreate" was specified.
       ClCompile:
         F:\c++\Microsoft Visual C++ 2010\VC\bin\CL.exe /c /ZI /nologo /W3 /WX- /Od /Oy- /D _MBCS /Gm /EHsc /RTC1 /MDd /GS /fp:precise /Zc:wchar_t /Zc:forScope /Fo"Debug\\" /Fd"Debug\vc100.pdb" /Gd /TP /analyze- /errorReport:prompt "while loop first program.cpp"
         while loop first program.cpp
       Link:
         F:\c++\Microsoft Visual C++ 2010\VC\bin\link.exe /ERRORREPORT:PROMPT /OUT:"F:\FIC\Cmpt130\Programs\while loop first program\Debug\while loop first program.exe" /NOLOGO kernel32.lib user32.lib gdi32.lib winspool.lib comdlg32.lib advapi32.lib shell32.lib ole32.lib oleaut32.lib uuid.lib odbc32.lib odbccp32.lib /MANIFEST /ManifestFile:"Debug\while loop first program.exe.intermediate.manifest" /MANIFESTUAC:"level='asInvoker' uiAccess='false'" /DEBUG /PDB:"F:\FIC\Cmpt130\Programs\while loop first program\Debug\while loop first program.pdb" /TLBID:1 /DYNAMICBASE /NXCOMPAT /IMPLIB:"F:\FIC\Cmpt130\Programs\while loop first program\Debug\while loop first program.lib" /MACHINE:X86 "Debug\while loop first program.obj"
         while loop first program.vcxproj -> F:\FIC\Cmpt130\Programs\while loop first program\Debug\while loop first program.exe
       Manifest:
         C:\Program Files (x86)\Microsoft SDKs\Windows\v7.0A\bin\mt.exe /nologo /verbose /outputresource:"F:\FIC\Cmpt130\Programs\while loop first program\Debug\while loop first program.exe;#1" /manifest "Debug\while loop first program.exe.intermediate.manifest"
       FinalizeBuildStatus:
         Deleting file "Debug\while loop first program.unsuccessfulbuild".
         Touching "Debug\while loop first program.lastbuildstate".
     1>Done Building Project "F:\FIC\Cmpt130\Programs\while loop first program\while loop first program\while loop first program.vcxproj" (build target(s)).

Build succeeded.

Time Elapsed 00:00:03.97
