Build started 9/20/2022 4:18:28 PM.
     1>Project "F:\FIC\Cmpt130\Programs\Currency in coins\Currency in coins\Currency in coins.vcxproj" on node 2 (build target(s)).
     1>PrepareForBuild:
         Creating directory "F:\FIC\Cmpt130\Programs\Currency in coins\Debug\".
       InitializeBuildStatus:
         Creating "Debug\Currency in coins.unsuccessfulbuild" because "AlwaysCreate" was specified.
       ClCompile:
         F:\c++\Microsoft Visual C++ 2010\VC\bin\CL.exe /c /ZI /nologo /W3 /WX- /Od /Oy- /D _MBCS /Gm /EHsc /RTC1 /MDd /GS /fp:precise /Zc:wchar_t /Zc:forScope /Fo"Debug\\" /Fd"Debug\vc100.pdb" /Gd /TP /analyze- /errorReport:prompt "Currency in coins.cpp"
         Currency in coins.cpp
     1>f:\fic\cmpt130\programs\currency in coins\currency in coins\currency in coins.cpp(8): warning C4244: 'initializing' : conversion from 'double' to 'int', possible loss of data
       Link:
         F:\c++\Microsoft Visual C++ 2010\VC\bin\link.exe /ERRORREPORT:PROMPT /OUT:"F:\FIC\Cmpt130\Programs\Currency in coins\Debug\Currency in coins.exe" /NOLOGO kernel32.lib user32.lib gdi32.lib winspool.lib comdlg32.lib advapi32.lib shell32.lib ole32.lib oleaut32.lib uuid.lib odbc32.lib odbccp32.lib /MANIFEST /ManifestFile:"Debug\Currency in coins.exe.intermediate.manifest" /MANIFESTUAC:"level='asInvoker' uiAccess='false'" /DEBUG /PDB:"F:\FIC\Cmpt130\Programs\Currency in coins\Debug\Currency in coins.pdb" /TLBID:1 /DYNAMICBASE /NXCOMPAT /IMPLIB:"F:\FIC\Cmpt130\Programs\Currency in coins\Debug\Currency in coins.lib" /MACHINE:X86 "Debug\Currency in coins.obj"
         Currency in coins.vcxproj -> F:\FIC\Cmpt130\Programs\Currency in coins\Debug\Currency in coins.exe
       Manifest:
         C:\Program Files (x86)\Microsoft SDKs\Windows\v7.0A\bin\mt.exe /nologo /verbose /outputresource:"F:\FIC\Cmpt130\Programs\Currency in coins\Debug\Currency in coins.exe;#1" /manifest "Debug\Currency in coins.exe.intermediate.manifest"
       FinalizeBuildStatus:
         Deleting file "Debug\Currency in coins.unsuccessfulbuild".
         Touching "Debug\Currency in coins.lastbuildstate".
     1>Done Building Project "F:\FIC\Cmpt130\Programs\Currency in coins\Currency in coins\Currency in coins.vcxproj" (build target(s)).

Build succeeded.

Time Elapsed 00:00:01.71
