Build started 11/22/2022 1:23:58 AM.
     1>Project "F:\FIC\Cmpt130\Programs\Week 10\question 31\question 31\question 31.vcxproj" on node 2 (build target(s)).
     1>InitializeBuildStatus:
         Touching "Debug\question 31.unsuccessfulbuild".
       ClCompile:
         C:\Program Files (x86)\Microsoft Visual Studio 10.0\VC\bin\CL.exe /c /ZI /nologo /W3 /WX- /Od /Oy- /D _MBCS /Gm /EHsc /RTC1 /MDd /GS /fp:precise /Zc:wchar_t /Zc:forScope /Fo"Debug\\" /Fd"Debug\vc100.pdb" /Gd /TP /analyze- /errorReport:prompt "question 31.cpp"
         question 31.cpp
     1>f:\fic\cmpt130\programs\week 10\question 31\question 31\question 31.cpp(18): warning C4244: 'return' : conversion from 'double' to 'int', possible loss of data
     1>f:\fic\cmpt130\programs\week 10\question 31\question 31\question 31.cpp(22): warning C4244: 'argument' : conversion from 'time_t' to 'unsigned int', possible loss of data
       Link:
         C:\Program Files (x86)\Microsoft Visual Studio 10.0\VC\bin\link.exe /ERRORREPORT:PROMPT /OUT:"F:\FIC\Cmpt130\Programs\Week 10\question 31\Debug\question 31.exe" /NOLOGO kernel32.lib user32.lib gdi32.lib winspool.lib comdlg32.lib advapi32.lib shell32.lib ole32.lib oleaut32.lib uuid.lib odbc32.lib odbccp32.lib /MANIFEST /ManifestFile:"Debug\question 31.exe.intermediate.manifest" /MANIFESTUAC:"level='asInvoker' uiAccess='false'" /DEBUG /PDB:"F:\FIC\Cmpt130\Programs\Week 10\question 31\Debug\question 31.pdb" /TLBID:1 /DYNAMICBASE /NXCOMPAT /IMPLIB:"F:\FIC\Cmpt130\Programs\Week 10\question 31\Debug\question 31.lib" /MACHINE:X86 "Debug\question 31.obj"
         question 31.vcxproj -> F:\FIC\Cmpt130\Programs\Week 10\question 31\Debug\question 31.exe
       Manifest:
         C:\Program Files (x86)\Microsoft SDKs\Windows\v7.0A\bin\mt.exe /nologo /verbose /outputresource:"F:\FIC\Cmpt130\Programs\Week 10\question 31\Debug\question 31.exe;#1" /manifest "Debug\question 31.exe.intermediate.manifest"
       FinalizeBuildStatus:
         Deleting file "Debug\question 31.unsuccessfulbuild".
         Touching "Debug\question 31.lastbuildstate".
     1>Done Building Project "F:\FIC\Cmpt130\Programs\Week 10\question 31\question 31\question 31.vcxproj" (build target(s)).

Build succeeded.

Time Elapsed 00:00:00.96
