Build started 10/19/2022 11:13:21 PM.
     1>Project "F:\FIC\Cmpt130\Programs\Week 6\allEven\allEven\allEven.vcxproj" on node 2 (build target(s)).
     1>InitializeBuildStatus:
         Creating "Debug\allEven.unsuccessfulbuild" because "AlwaysCreate" was specified.
       ClCompile:
         C:\Program Files (x86)\Microsoft Visual Studio 10.0\VC\bin\CL.exe /c /ZI /nologo /W3 /WX- /Od /Oy- /D _MBCS /Gm /EHsc /RTC1 /MDd /GS /fp:precise /Zc:wchar_t /Zc:forScope /Fo"Debug\\" /Fd"Debug\vc100.pdb" /Gd /TP /analyze- /errorReport:prompt allEven.cpp
         allEven.cpp
     1>f:\fic\cmpt130\programs\week 6\alleven\alleven\alleven.cpp(22): warning C4244: 'argument' : conversion from 'time_t' to 'unsigned int', possible loss of data
       Link:
         C:\Program Files (x86)\Microsoft Visual Studio 10.0\VC\bin\link.exe /ERRORREPORT:PROMPT /OUT:"F:\FIC\Cmpt130\Programs\Week 6\allEven\Debug\allEven.exe" /NOLOGO kernel32.lib user32.lib gdi32.lib winspool.lib comdlg32.lib advapi32.lib shell32.lib ole32.lib oleaut32.lib uuid.lib odbc32.lib odbccp32.lib /MANIFEST /ManifestFile:"Debug\allEven.exe.intermediate.manifest" /MANIFESTUAC:"level='asInvoker' uiAccess='false'" /DEBUG /PDB:"F:\FIC\Cmpt130\Programs\Week 6\allEven\Debug\allEven.pdb" /TLBID:1 /DYNAMICBASE /NXCOMPAT /IMPLIB:"F:\FIC\Cmpt130\Programs\Week 6\allEven\Debug\allEven.lib" /MACHINE:X86 Debug\allEven.obj
         LINK : F:\FIC\Cmpt130\Programs\Week 6\allEven\Debug\allEven.exe not found or not built by the last incremental link; performing full link
         allEven.vcxproj -> F:\FIC\Cmpt130\Programs\Week 6\allEven\Debug\allEven.exe
       Manifest:
         C:\Program Files (x86)\Microsoft SDKs\Windows\v7.0A\bin\mt.exe /nologo /verbose /outputresource:"F:\FIC\Cmpt130\Programs\Week 6\allEven\Debug\allEven.exe;#1" /manifest Debug\allEven.exe.intermediate.manifest
       FinalizeBuildStatus:
         Deleting file "Debug\allEven.unsuccessfulbuild".
         Touching "Debug\allEven.lastbuildstate".
     1>Done Building Project "F:\FIC\Cmpt130\Programs\Week 6\allEven\allEven\allEven.vcxproj" (build target(s)).

Build succeeded.

Time Elapsed 00:00:01.05
