Build started 9/19/2022 4:02:09 AM.
     1>Project "F:\FIC\Cmpt130\Programs\Volume of sphere\Volume of sphere\Volume of sphere.vcxproj" on node 2 (build target(s)).
     1>InitializeBuildStatus:
         Touching "Debug\Volume of sphere.unsuccessfulbuild".
       ClCompile:
         F:\c++\Microsoft Visual C++ 2010\VC\bin\CL.exe /c /ZI /nologo /W3 /WX- /Od /Oy- /D _MBCS /Gm /EHsc /RTC1 /MDd /GS /fp:precise /Zc:wchar_t /Zc:forScope /Fo"Debug\\" /Fd"Debug\vc100.pdb" /Gd /TP /analyze- /errorReport:prompt "Volume of sphere.cpp"
         Volume of sphere.cpp
     1>f:\fic\cmpt130\programs\volume of sphere\volume of sphere\volume of sphere.cpp(16): warning C4566: character represented by universal-character-name '\u263A' cannot be represented in the current code page (1252)
       Link:
         F:\c++\Microsoft Visual C++ 2010\VC\bin\link.exe /ERRORREPORT:PROMPT /OUT:"F:\FIC\Cmpt130\Programs\Volume of sphere\Debug\Volume of sphere.exe" /NOLOGO kernel32.lib user32.lib gdi32.lib winspool.lib comdlg32.lib advapi32.lib shell32.lib ole32.lib oleaut32.lib uuid.lib odbc32.lib odbccp32.lib /MANIFEST /ManifestFile:"Debug\Volume of sphere.exe.intermediate.manifest" /MANIFESTUAC:"level='asInvoker' uiAccess='false'" /DEBUG /PDB:"F:\FIC\Cmpt130\Programs\Volume of sphere\Debug\Volume of sphere.pdb" /TLBID:1 /DYNAMICBASE /NXCOMPAT /IMPLIB:"F:\FIC\Cmpt130\Programs\Volume of sphere\Debug\Volume of sphere.lib" /MACHINE:X86 "Debug\Volume of sphere.obj"
         LINK : F:\FIC\Cmpt130\Programs\Volume of sphere\Debug\Volume of sphere.exe not found or not built by the last incremental link; performing full link
         Volume of sphere.vcxproj -> F:\FIC\Cmpt130\Programs\Volume of sphere\Debug\Volume of sphere.exe
       Manifest:
         C:\Program Files (x86)\Microsoft SDKs\Windows\v7.0A\bin\mt.exe /nologo /verbose /outputresource:"F:\FIC\Cmpt130\Programs\Volume of sphere\Debug\Volume of sphere.exe;#1" /manifest "Debug\Volume of sphere.exe.intermediate.manifest"
       FinalizeBuildStatus:
         Deleting file "Debug\Volume of sphere.unsuccessfulbuild".
         Touching "Debug\Volume of sphere.lastbuildstate".
     1>Done Building Project "F:\FIC\Cmpt130\Programs\Volume of sphere\Volume of sphere\Volume of sphere.vcxproj" (build target(s)).

Build succeeded.

Time Elapsed 00:00:01.48
