Build started 9/15/2022 9:07:08 AM.
     1>Project "F:\FIC\Cmpt130\Programs\My First Program\My First Program\My First Program.vcxproj" on node 2 (build target(s)).
     1>PrepareForBuild:
         Creating directory "F:\FIC\Cmpt130\Programs\My First Program\Debug\".
       InitializeBuildStatus:
         Creating "Debug\My First Program.unsuccessfulbuild" because "AlwaysCreate" was specified.
       ClCompile:
         F:\c++\Microsoft Visual C++ 2010\VC\bin\CL.exe /c /ZI /nologo /W3 /WX- /Od /Oy- /D _MBCS /Gm /EHsc /RTC1 /MDd /GS /fp:precise /Zc:wchar_t /Zc:forScope /Fo"Debug\\" /Fd"Debug\vc100.pdb" /Gd /TP /analyze- /errorReport:prompt "The First Prgram.cpp"
         The First Prgram.cpp
       Link:
         F:\c++\Microsoft Visual C++ 2010\VC\bin\link.exe /ERRORREPORT:PROMPT /OUT:"F:\FIC\Cmpt130\Programs\My First Program\Debug\My First Program.exe" /NOLOGO kernel32.lib user32.lib gdi32.lib winspool.lib comdlg32.lib advapi32.lib shell32.lib ole32.lib oleaut32.lib uuid.lib odbc32.lib odbccp32.lib /MANIFEST /ManifestFile:"Debug\My First Program.exe.intermediate.manifest" /MANIFESTUAC:"level='asInvoker' uiAccess='false'" /DEBUG /PDB:"F:\FIC\Cmpt130\Programs\My First Program\Debug\My First Program.pdb" /TLBID:1 /DYNAMICBASE /NXCOMPAT /IMPLIB:"F:\FIC\Cmpt130\Programs\My First Program\Debug\My First Program.lib" /MACHINE:X86 "Debug\The First Prgram.obj"
         My First Program.vcxproj -> F:\FIC\Cmpt130\Programs\My First Program\Debug\My First Program.exe
       Manifest:
         C:\Program Files (x86)\Microsoft SDKs\Windows\v7.0A\bin\mt.exe /nologo /verbose /outputresource:"F:\FIC\Cmpt130\Programs\My First Program\Debug\My First Program.exe;#1" /manifest "Debug\My First Program.exe.intermediate.manifest"
       FinalizeBuildStatus:
         Deleting file "Debug\My First Program.unsuccessfulbuild".
         Touching "Debug\My First Program.lastbuildstate".
     1>Done Building Project "F:\FIC\Cmpt130\Programs\My First Program\My First Program\My First Program.vcxproj" (build target(s)).

Build succeeded.

Time Elapsed 00:00:05.17
