Build started 10/2/2022 7:18:06 PM.
     1>Project "F:\FIC\Cmpt130\Programs\Week 3\Vector Length\Vector Length\Vector Length.vcxproj" on node 2 (build target(s)).
     1>InitializeBuildStatus:
         Touching "Debug\Vector Length.unsuccessfulbuild".
       ClCompile:
         F:\c++\Microsoft Visual C++ 2010\VC\bin\CL.exe /c /ZI /nologo /W3 /WX- /Od /Oy- /D _MBCS /Gm /EHsc /RTC1 /MDd /GS /fp:precise /Zc:wchar_t /Zc:forScope /Fo"Debug\\" /Fd"Debug\vc100.pdb" /Gd /TP /analyze- /errorReport:prompt "Vector Length.cpp"
         Vector Length.cpp
     1>f:\fic\cmpt130\programs\week 3\vector length\vector length\vector length.cpp(6): warning C4101: 'v' : unreferenced local variable
     1>f:\fic\cmpt130\programs\week 3\vector length\vector length\vector length.cpp(6): warning C4101: 'y' : unreferenced local variable
       Link:
         F:\c++\Microsoft Visual C++ 2010\VC\bin\link.exe /ERRORREPORT:PROMPT /OUT:"F:\FIC\Cmpt130\Programs\Week 3\Vector Length\Debug\Vector Length.exe" /NOLOGO kernel32.lib user32.lib gdi32.lib winspool.lib comdlg32.lib advapi32.lib shell32.lib ole32.lib oleaut32.lib uuid.lib odbc32.lib odbccp32.lib /MANIFEST /ManifestFile:"Debug\Vector Length.exe.intermediate.manifest" /MANIFESTUAC:"level='asInvoker' uiAccess='false'" /DEBUG /PDB:"F:\FIC\Cmpt130\Programs\Week 3\Vector Length\Debug\Vector Length.pdb" /TLBID:1 /DYNAMICBASE /NXCOMPAT /IMPLIB:"F:\FIC\Cmpt130\Programs\Week 3\Vector Length\Debug\Vector Length.lib" /MACHINE:X86 "Debug\Vector Length.obj"
         Vector Length.vcxproj -> F:\FIC\Cmpt130\Programs\Week 3\Vector Length\Debug\Vector Length.exe
       Manifest:
         C:\Program Files (x86)\Microsoft SDKs\Windows\v7.0A\bin\mt.exe /nologo /verbose /outputresource:"F:\FIC\Cmpt130\Programs\Week 3\Vector Length\Debug\Vector Length.exe;#1" /manifest "Debug\Vector Length.exe.intermediate.manifest"
       FinalizeBuildStatus:
         Deleting file "Debug\Vector Length.unsuccessfulbuild".
         Touching "Debug\Vector Length.lastbuildstate".
     1>Done Building Project "F:\FIC\Cmpt130\Programs\Week 3\Vector Length\Vector Length\Vector Length.vcxproj" (build target(s)).

Build succeeded.

Time Elapsed 00:00:01.37
