Build started 9/20/2022 3:03:56 PM.
     1>Project "F:\FIC\Cmpt130\Programs\99 bottles of water on the wall song\99 bottles of water on the wall song\99 bottles of water on the wall song.vcxproj" on node 2 (build target(s)).
     1>PrepareForBuild:
         Creating directory "F:\FIC\Cmpt130\Programs\99 bottles of water on the wall song\Debug\".
       InitializeBuildStatus:
         Creating "Debug\99 bottles of water on the wall song.unsuccessfulbuild" because "AlwaysCreate" was specified.
       ClCompile:
         F:\c++\Microsoft Visual C++ 2010\VC\bin\CL.exe /c /ZI /nologo /W3 /WX- /Od /Oy- /D _MBCS /Gm /EHsc /RTC1 /MDd /GS /fp:precise /Zc:wchar_t /Zc:forScope /Fo"Debug\\" /Fd"Debug\vc100.pdb" /Gd /TP /analyze- /errorReport:prompt "99 bottles of water on the wall song.cpp"
         99 bottles of water on the wall song.cpp
       Link:
         F:\c++\Microsoft Visual C++ 2010\VC\bin\link.exe /ERRORREPORT:PROMPT /OUT:"F:\FIC\Cmpt130\Programs\99 bottles of water on the wall song\Debug\99 bottles of water on the wall song.exe" /NOLOGO kernel32.lib user32.lib gdi32.lib winspool.lib comdlg32.lib advapi32.lib shell32.lib ole32.lib oleaut32.lib uuid.lib odbc32.lib odbccp32.lib /MANIFEST /ManifestFile:"Debug\99 bottles of water on the wall song.exe.intermediate.manifest" /MANIFESTUAC:"level='asInvoker' uiAccess='false'" /DEBUG /PDB:"F:\FIC\Cmpt130\Programs\99 bottles of water on the wall song\Debug\99 bottles of water on the wall song.pdb" /TLBID:1 /DYNAMICBASE /NXCOMPAT /IMPLIB:"F:\FIC\Cmpt130\Programs\99 bottles of water on the wall song\Debug\99 bottles of water on the wall song.lib" /MACHINE:X86 "Debug\99 bottles of water on the wall song.obj"
         99 bottles of water on the wall song.vcxproj -> F:\FIC\Cmpt130\Programs\99 bottles of water on the wall song\Debug\99 bottles of water on the wall song.exe
       Manifest:
         C:\Program Files (x86)\Microsoft SDKs\Windows\v7.0A\bin\mt.exe /nologo /verbose /outputresource:"F:\FIC\Cmpt130\Programs\99 bottles of water on the wall song\Debug\99 bottles of water on the wall song.exe;#1" /manifest "Debug\99 bottles of water on the wall song.exe.intermediate.manifest"
       FinalizeBuildStatus:
         Deleting file "Debug\99 bottles of water on the wall song.unsuccessfulbuild".
         Touching "Debug\99 bottles of water on the wall song.lastbuildstate".
     1>Done Building Project "F:\FIC\Cmpt130\Programs\99 bottles of water on the wall song\99 bottles of water on the wall song\99 bottles of water on the wall song.vcxproj" (build target(s)).

Build succeeded.

Time Elapsed 00:00:02.67
