Build started 10/2/2022 5:23:06 PM.
     1>Project "F:\FIC\Cmpt130\Programs\Week 3\Area of triangle\Area of triangle\Area of triangle.vcxproj" on node 2 (build target(s)).
     1>InitializeBuildStatus:
         Touching "Debug\Area of triangle.unsuccessfulbuild".
       ClCompile:
         F:\c++\Microsoft Visual C++ 2010\VC\bin\CL.exe /c /ZI /nologo /W3 /WX- /Od /Oy- /D _MBCS /Gm /EHsc /RTC1 /MDd /GS /fp:precise /Zc:wchar_t /Zc:forScope /Fo"Debug\\" /Fd"Debug\vc100.pdb" /Gd /TP /analyze- /errorReport:prompt "Area of triangle.cpp"
         Area of triangle.cpp
     1>f:\fic\cmpt130\programs\week 3\area of triangle\area of triangle\area of triangle.cpp(11): warning C4244: '=' : conversion from 'double' to 'float', possible loss of data
       Link:
         F:\c++\Microsoft Visual C++ 2010\VC\bin\link.exe /ERRORREPORT:PROMPT /OUT:"F:\FIC\Cmpt130\Programs\Week 3\Area of triangle\Debug\Area of triangle.exe" /NOLOGO kernel32.lib user32.lib gdi32.lib winspool.lib comdlg32.lib advapi32.lib shell32.lib ole32.lib oleaut32.lib uuid.lib odbc32.lib odbccp32.lib /MANIFEST /ManifestFile:"Debug\Area of triangle.exe.intermediate.manifest" /MANIFESTUAC:"level='asInvoker' uiAccess='false'" /DEBUG /PDB:"F:\FIC\Cmpt130\Programs\Week 3\Area of triangle\Debug\Area of triangle.pdb" /TLBID:1 /DYNAMICBASE /NXCOMPAT /IMPLIB:"F:\FIC\Cmpt130\Programs\Week 3\Area of triangle\Debug\Area of triangle.lib" /MACHINE:X86 "Debug\Area of triangle.obj"
         LINK : F:\FIC\Cmpt130\Programs\Week 3\Area of triangle\Debug\Area of triangle.exe not found or not built by the last incremental link; performing full link
         Area of triangle.vcxproj -> F:\FIC\Cmpt130\Programs\Week 3\Area of triangle\Debug\Area of triangle.exe
       Manifest:
         C:\Program Files (x86)\Microsoft SDKs\Windows\v7.0A\bin\mt.exe /nologo /verbose /outputresource:"F:\FIC\Cmpt130\Programs\Week 3\Area of triangle\Debug\Area of triangle.exe;#1" /manifest "Debug\Area of triangle.exe.intermediate.manifest"
       FinalizeBuildStatus:
         Deleting file "Debug\Area of triangle.unsuccessfulbuild".
         Touching "Debug\Area of triangle.lastbuildstate".
     1>Done Building Project "F:\FIC\Cmpt130\Programs\Week 3\Area of triangle\Area of triangle\Area of triangle.vcxproj" (build target(s)).

Build succeeded.

Time Elapsed 00:00:00.73
