Build started 9/25/2022 1:35:13 AM.
     1>Project "F:\FIC\Cmpt130\Programs\days between 2 guys birthdays\days between 2 guys birthdays\days between 2 guys birthdays.vcxproj" on node 2 (build target(s)).
     1>InitializeBuildStatus:
         Creating "Debug\days between 2 guys birthdays.unsuccessfulbuild" because "AlwaysCreate" was specified.
       ClCompile:
         F:\c++\Microsoft Visual C++ 2010\VC\bin\CL.exe /c /ZI /nologo /W3 /WX- /Od /Oy- /D _MBCS /Gm /EHsc /RTC1 /MDd /GS /fp:precise /Zc:wchar_t /Zc:forScope /Fo"Debug\\" /Fd"Debug\vc100.pdb" /Gd /TP /analyze- /errorReport:prompt "days between 2 guys birthdays.cpp"
         days between 2 guys birthdays.cpp
     1>f:\fic\cmpt130\programs\days between 2 guys birthdays\days between 2 guys birthdays\days between 2 guys birthdays.cpp(8): warning C4101: 'a' : unreferenced local variable
     1>f:\fic\cmpt130\programs\days between 2 guys birthdays\days between 2 guys birthdays\days between 2 guys birthdays.cpp(8): warning C4101: 'b' : unreferenced local variable
     1>f:\fic\cmpt130\programs\days between 2 guys birthdays\days between 2 guys birthdays\days between 2 guys birthdays.cpp(8): warning C4101: 'c' : unreferenced local variable
       Link:
         F:\c++\Microsoft Visual C++ 2010\VC\bin\link.exe /ERRORREPORT:PROMPT /OUT:"F:\FIC\Cmpt130\Programs\days between 2 guys birthdays\Debug\days between 2 guys birthdays.exe" /NOLOGO kernel32.lib user32.lib gdi32.lib winspool.lib comdlg32.lib advapi32.lib shell32.lib ole32.lib oleaut32.lib uuid.lib odbc32.lib odbccp32.lib /MANIFEST /ManifestFile:"Debug\days between 2 guys birthdays.exe.intermediate.manifest" /MANIFESTUAC:"level='asInvoker' uiAccess='false'" /DEBUG /PDB:"F:\FIC\Cmpt130\Programs\days between 2 guys birthdays\Debug\days between 2 guys birthdays.pdb" /TLBID:1 /DYNAMICBASE /NXCOMPAT /IMPLIB:"F:\FIC\Cmpt130\Programs\days between 2 guys birthdays\Debug\days between 2 guys birthdays.lib" /MACHINE:X86 "Debug\days between 2 guys birthdays.obj"
         LINK : F:\FIC\Cmpt130\Programs\days between 2 guys birthdays\Debug\days between 2 guys birthdays.exe not found or not built by the last incremental link; performing full link
         days between 2 guys birthdays.vcxproj -> F:\FIC\Cmpt130\Programs\days between 2 guys birthdays\Debug\days between 2 guys birthdays.exe
       Manifest:
         C:\Program Files (x86)\Microsoft SDKs\Windows\v7.0A\bin\mt.exe /nologo /verbose /outputresource:"F:\FIC\Cmpt130\Programs\days between 2 guys birthdays\Debug\days between 2 guys birthdays.exe;#1" /manifest "Debug\days between 2 guys birthdays.exe.intermediate.manifest"
       FinalizeBuildStatus:
         Deleting file "Debug\days between 2 guys birthdays.unsuccessfulbuild".
         Touching "Debug\days between 2 guys birthdays.lastbuildstate".
     1>Done Building Project "F:\FIC\Cmpt130\Programs\days between 2 guys birthdays\days between 2 guys birthdays\days between 2 guys birthdays.vcxproj" (build target(s)).

Build succeeded.

Time Elapsed 00:00:00.72
