Build started 10/20/2022 8:27:43 AM.
     1>Project "F:\FIC\Cmpt130\Programs\Week 6\Polynomial Function\Polynomial Function\Polynomial Function.vcxproj" on node 2 (build target(s)).
     1>PrepareForBuild:
         Creating directory "F:\FIC\Cmpt130\Programs\Week 6\Polynomial Function\Debug\".
       InitializeBuildStatus:
         Creating "Debug\Polynomial Function.unsuccessfulbuild" because "AlwaysCreate" was specified.
       ClCompile:
         C:\Program Files (x86)\Microsoft Visual Studio 10.0\VC\bin\CL.exe /c /ZI /nologo /W3 /WX- /Od /Oy- /D _MBCS /Gm /EHsc /RTC1 /MDd /GS /fp:precise /Zc:wchar_t /Zc:forScope /Fo"Debug\\" /Fd"Debug\vc100.pdb" /Gd /TP /analyze- /errorReport:prompt "Polynomial Function.cpp"
         Polynomial Function.cpp
       Link:
         C:\Program Files (x86)\Microsoft Visual Studio 10.0\VC\bin\link.exe /ERRORREPORT:PROMPT /OUT:"F:\FIC\Cmpt130\Programs\Week 6\Polynomial Function\Debug\Polynomial Function.exe" /NOLOGO kernel32.lib user32.lib gdi32.lib winspool.lib comdlg32.lib advapi32.lib shell32.lib ole32.lib oleaut32.lib uuid.lib odbc32.lib odbccp32.lib /MANIFEST /ManifestFile:"Debug\Polynomial Function.exe.intermediate.manifest" /MANIFESTUAC:"level='asInvoker' uiAccess='false'" /DEBUG /PDB:"F:\FIC\Cmpt130\Programs\Week 6\Polynomial Function\Debug\Polynomial Function.pdb" /TLBID:1 /DYNAMICBASE /NXCOMPAT /IMPLIB:"F:\FIC\Cmpt130\Programs\Week 6\Polynomial Function\Debug\Polynomial Function.lib" /MACHINE:X86 "Debug\Polynomial Function.obj"
         Polynomial Function.vcxproj -> F:\FIC\Cmpt130\Programs\Week 6\Polynomial Function\Debug\Polynomial Function.exe
       Manifest:
         C:\Program Files (x86)\Microsoft SDKs\Windows\v7.0A\bin\mt.exe /nologo /verbose /outputresource:"F:\FIC\Cmpt130\Programs\Week 6\Polynomial Function\Debug\Polynomial Function.exe;#1" /manifest "Debug\Polynomial Function.exe.intermediate.manifest"
       FinalizeBuildStatus:
         Deleting file "Debug\Polynomial Function.unsuccessfulbuild".
         Touching "Debug\Polynomial Function.lastbuildstate".
     1>Done Building Project "F:\FIC\Cmpt130\Programs\Week 6\Polynomial Function\Polynomial Function\Polynomial Function.vcxproj" (build target(s)).

Build succeeded.

Time Elapsed 00:00:02.92
