Build started 10/30/2022 5:03:20 PM.
     1>Project "F:\FIC\Cmpt130\Programs\Week 7\STRING isFound\STRING isFound\STRING isFound.vcxproj" on node 2 (build target(s)).
     1>InitializeBuildStatus:
         Creating "Debug\STRING isFound.unsuccessfulbuild" because "AlwaysCreate" was specified.
       ClCompile:
         C:\Program Files (x86)\Microsoft Visual Studio 10.0\VC\bin\CL.exe /c /ZI /nologo /W3 /WX- /Od /Oy- /D _MBCS /Gm /EHsc /RTC1 /MDd /GS /fp:precise /Zc:wchar_t /Zc:forScope /Fo"Debug\\" /Fd"Debug\vc100.pdb" /Gd /TP /analyze- /errorReport:prompt "STRING isFound.cpp"
         STRING isFound.cpp
     1>f:\fic\cmpt130\programs\week 7\string isfound\string isfound\string isfound.cpp(6): warning C4018: '<' : signed/unsigned mismatch
       Link:
         C:\Program Files (x86)\Microsoft Visual Studio 10.0\VC\bin\link.exe /ERRORREPORT:PROMPT /OUT:"F:\FIC\Cmpt130\Programs\Week 7\STRING isFound\Debug\STRING isFound.exe" /NOLOGO kernel32.lib user32.lib gdi32.lib winspool.lib comdlg32.lib advapi32.lib shell32.lib ole32.lib oleaut32.lib uuid.lib odbc32.lib odbccp32.lib /MANIFEST /ManifestFile:"Debug\STRING isFound.exe.intermediate.manifest" /MANIFESTUAC:"level='asInvoker' uiAccess='false'" /DEBUG /PDB:"F:\FIC\Cmpt130\Programs\Week 7\STRING isFound\Debug\STRING isFound.pdb" /TLBID:1 /DYNAMICBASE /NXCOMPAT /IMPLIB:"F:\FIC\Cmpt130\Programs\Week 7\STRING isFound\Debug\STRING isFound.lib" /MACHINE:X86 "Debug\STRING isFound.obj"
         LINK : F:\FIC\Cmpt130\Programs\Week 7\STRING isFound\Debug\STRING isFound.exe not found or not built by the last incremental link; performing full link
         STRING isFound.vcxproj -> F:\FIC\Cmpt130\Programs\Week 7\STRING isFound\Debug\STRING isFound.exe
       Manifest:
         C:\Program Files (x86)\Microsoft SDKs\Windows\v7.0A\bin\mt.exe /nologo /verbose /outputresource:"F:\FIC\Cmpt130\Programs\Week 7\STRING isFound\Debug\STRING isFound.exe;#1" /manifest "Debug\STRING isFound.exe.intermediate.manifest"
       FinalizeBuildStatus:
         Deleting file "Debug\STRING isFound.unsuccessfulbuild".
         Touching "Debug\STRING isFound.lastbuildstate".
     1>Done Building Project "F:\FIC\Cmpt130\Programs\Week 7\STRING isFound\STRING isFound\STRING isFound.vcxproj" (build target(s)).

Build succeeded.

Time Elapsed 00:00:00.84
