Build started 9/30/2022 9:08:33 PM.
     1>Project "F:\FIC\Cmpt130\Programs\Week 3\random number from [-1.0,1.0]\random number from [-1.0,1.0]\random number from [-1.0,1.0].vcxproj" on node 2 (build target(s)).
     1>InitializeBuildStatus:
         Creating "Debug\random number from [-1.0,1.0].unsuccessfulbuild" because "AlwaysCreate" was specified.
       ClCompile:
         F:\c++\Microsoft Visual C++ 2010\VC\bin\CL.exe /c /ZI /nologo /W3 /WX- /Od /Oy- /D _MBCS /Gm /EHsc /RTC1 /MDd /GS /fp:precise /Zc:wchar_t /Zc:forScope /Fo"Debug\\" /Fd"Debug\vc100.pdb" /Gd /TP /analyze- /errorReport:prompt "random number from [-1.0,1].cpp"
         random number from [-1.0,1].cpp
     1>f:\fic\cmpt130\programs\week 3\random number from [-1.0,1.0]\random number from [-1.0,1.0]\random number from [-1.0,1].cpp(7): warning C4244: 'argument' : conversion from 'time_t' to 'unsigned int', possible loss of data
     1>f:\fic\cmpt130\programs\week 3\random number from [-1.0,1.0]\random number from [-1.0,1.0]\random number from [-1.0,1].cpp(9): warning C4244: 'initializing' : conversion from 'int' to 'float', possible loss of data
     1>f:\fic\cmpt130\programs\week 3\random number from [-1.0,1.0]\random number from [-1.0,1.0]\random number from [-1.0,1].cpp(10): warning C4244: 'initializing' : conversion from 'double' to 'float', possible loss of data
       Link:
         F:\c++\Microsoft Visual C++ 2010\VC\bin\link.exe /ERRORREPORT:PROMPT /OUT:"F:\FIC\Cmpt130\Programs\Week 3\random number from [-1.0,1.0]\Debug\random number from [-1.0,1.0].exe" /NOLOGO kernel32.lib user32.lib gdi32.lib winspool.lib comdlg32.lib advapi32.lib shell32.lib ole32.lib oleaut32.lib uuid.lib odbc32.lib odbccp32.lib /MANIFEST /ManifestFile:"Debug\random number from [-1.0,1.0].exe.intermediate.manifest" /MANIFESTUAC:"level='asInvoker' uiAccess='false'" /DEBUG /PDB:"F:\FIC\Cmpt130\Programs\Week 3\random number from [-1.0,1.0]\Debug\random number from [-1.0,1.0].pdb" /TLBID:1 /DYNAMICBASE /NXCOMPAT /IMPLIB:"F:\FIC\Cmpt130\Programs\Week 3\random number from [-1.0,1.0]\Debug\random number from [-1.0,1.0].lib" /MACHINE:X86 "Debug\random number from [-1.0,1].obj"
         LINK : F:\FIC\Cmpt130\Programs\Week 3\random number from [-1.0,1.0]\Debug\random number from [-1.0,1.0].exe not found or not built by the last incremental link; performing full link
         random number from [-1.0,1.0].vcxproj -> F:\FIC\Cmpt130\Programs\Week 3\random number from [-1.0,1.0]\Debug\random number from [-1.0,1.0].exe
       Manifest:
         C:\Program Files (x86)\Microsoft SDKs\Windows\v7.0A\bin\mt.exe /nologo /verbose /outputresource:"F:\FIC\Cmpt130\Programs\Week 3\random number from [-1.0,1.0]\Debug\random number from [-1.0,1.0].exe;#1" /manifest "Debug\random number from [-1.0,1.0].exe.intermediate.manifest"
       FinalizeBuildStatus:
         Deleting file "Debug\random number from [-1.0,1.0].unsuccessfulbuild".
         Touching "Debug\random number from [-1.0,1.0].lastbuildstate".
     1>Done Building Project "F:\FIC\Cmpt130\Programs\Week 3\random number from [-1.0,1.0]\random number from [-1.0,1.0]\random number from [-1.0,1.0].vcxproj" (build target(s)).

Build succeeded.

Time Elapsed 00:00:01.09
